/c1/apps/quast/quast-4.1/quast.py -t 16 pg_assembly/filter500.fasta

Version: 4.1, build 26.05.2016 14:25

System information:
  OS: Linux-2.6.32-573.22.1.el6.x86_64-x86_64-with-centos-6.7-Final (linux_64)
  Python version: 2.7.6
  CPUs number: 32

Started: 2017-05-11 17:58:47

Logging to /lustre/groups/cbi/ecastron/Sandro/workshop_uc/dia2/paso3/quast_results/results_2017_05_11_17_58_46/quast.log

Main parameters: 
  Threads: 16, minimum contig length: 500, ambiguity: one, threshold for extensive misassembly size: 1000

Contigs:
  pg_assembly/filter500.fasta ==> filter500

2017-05-11 17:59:01
Running Basic statistics processor...
  Contig files: 
    filter500
  Calculating N50 and L50...
    filter500, N50 = 75957, L50 = 11, Total length = 2268404, GC % = 48.45, # N's per 100 kbp =  21.56
  Drawing Nx plot...
    saved to /lustre/groups/cbi/ecastron/Sandro/workshop_uc/dia2/paso3/quast_results/results_2017_05_11_17_58_46/basic_stats/Nx_plot.pdf
  Drawing cumulative plot...
    saved to /lustre/groups/cbi/ecastron/Sandro/workshop_uc/dia2/paso3/quast_results/results_2017_05_11_17_58_46/basic_stats/cumulative_plot.pdf
  Drawing GC content plot...
    saved to /lustre/groups/cbi/ecastron/Sandro/workshop_uc/dia2/paso3/quast_results/results_2017_05_11_17_58_46/basic_stats/GC_content_plot.pdf
Done.

NOTICE: Genes are not predicted by default. Use --gene-finding option to enable it.

2017-05-11 17:59:04
Creating large visual summaries...
This may take a while: press Ctrl-C to skip this step..
  1 of 2: Creating Icarus viewers...
  2 of 2: Creating PDF with all tables and plots...
Done

2017-05-11 17:59:05
RESULTS:
  Text versions of total report are saved to /lustre/groups/cbi/ecastron/Sandro/workshop_uc/dia2/paso3/quast_results/results_2017_05_11_17_58_46/report.txt, report.tsv, and report.tex
  Text versions of transposed total report are saved to /lustre/groups/cbi/ecastron/Sandro/workshop_uc/dia2/paso3/quast_results/results_2017_05_11_17_58_46/transposed_report.txt, transposed_report.tsv, and transposed_report.tex
  HTML version (interactive tables and plots) saved to /lustre/groups/cbi/ecastron/Sandro/workshop_uc/dia2/paso3/quast_results/results_2017_05_11_17_58_46/report.html
  PDF version (tables and plots) is saved to /lustre/groups/cbi/ecastron/Sandro/workshop_uc/dia2/paso3/quast_results/results_2017_05_11_17_58_46/report.pdf
  Icarus (contig browser) is saved to /lustre/groups/cbi/ecastron/Sandro/workshop_uc/dia2/paso3/quast_results/results_2017_05_11_17_58_46/icarus.html
  Log saved to /lustre/groups/cbi/ecastron/Sandro/workshop_uc/dia2/paso3/quast_results/results_2017_05_11_17_58_46/quast.log

Finished: 2017-05-11 17:59:05
Elapsed time: 0:00:18.779832
NOTICEs: 1; WARNINGs: 0; non-fatal ERRORs: 0

Thank you for using QUAST!
